2019-08-07 15:15:18.221405: I tensorflow/core/platform/cpu_feature_guard.cc:141] Your CPU supports instructions that this TensorFlow binary was not compiled to use: AVX2 FMA
2019-08-07 15:15:21.212292: I tensorflow/core/common_runtime/gpu/gpu_device.cc:1432] Found device 0 with properties: 
name: GeForce GTX 1080 Ti major: 6 minor: 1 memoryClockRate(GHz): 1.582
pciBusID: 0000:02:00.0
totalMemory: 10.92GiB freeMemory: 10.76GiB
2019-08-07 15:15:21.212343: I tensorflow/core/common_runtime/gpu/gpu_device.cc:1511] Adding visible gpu devices: 0
2019-08-07 15:15:21.623238: I tensorflow/core/common_runtime/gpu/gpu_device.cc:982] Device interconnect StreamExecutor with strength 1 edge matrix:
2019-08-07 15:15:21.623288: I tensorflow/core/common_runtime/gpu/gpu_device.cc:988]      0 
2019-08-07 15:15:21.623299: I tensorflow/core/common_runtime/gpu/gpu_device.cc:1001] 0:   N 
2019-08-07 15:15:21.624362: I tensorflow/core/common_runtime/gpu/gpu_device.cc:1115] Created TensorFlow device (/job:localhost/replica:0/task:0/device:GPU:0 with 10409 MB memory) -> physical GPU (device: 0, name: GeForce GTX 1080 Ti, pci bus id: 0000:02:00.0, compute capability: 6.1)
Using TensorFlow backend.
Model: "generator"
_________________________________________________________________
Layer (type)                 Output Shape              Param #   
=================================================================
dense_1 (Dense)              (None, 16384)             4931584   
_________________________________________________________________
reshape_1 (Reshape)          (None, 8, 8, 256)         0         
_________________________________________________________________
up_sampling2d_1 (UpSampling2 (None, 16, 16, 256)       0         
_________________________________________________________________
conv2d_1 (Conv2D)            (None, 16, 16, 256)       1048832   
_________________________________________________________________
batch_normalization_1 (Batch (None, 16, 16, 256)       1024      
_________________________________________________________________
activation_1 (Activation)    (None, 16, 16, 256)       0         
_________________________________________________________________
up_sampling2d_2 (UpSampling2 (None, 32, 32, 256)       0         
_________________________________________________________________
conv2d_2 (Conv2D)            (None, 32, 32, 256)       1048832   
_________________________________________________________________
batch_normalization_2 (Batch (None, 32, 32, 256)       1024      
_________________________________________________________________
activation_2 (Activation)    (None, 32, 32, 256)       0         
_________________________________________________________________
up_sampling2d_3 (UpSampling2 (None, 64, 64, 256)       0         
_________________________________________________________________
conv2d_3 (Conv2D)            (None, 64, 64, 128)       524416    
_________________________________________________________________
batch_normalization_3 (Batch (None, 64, 64, 128)       512       
_________________________________________________________________
activation_3 (Activation)    (None, 64, 64, 128)       0         
_________________________________________________________________
conv2d_4 (Conv2D)            (None, 64, 64, 128)       262272    
_________________________________________________________________
batch_normalization_4 (Batch (None, 64, 64, 128)       512       
_________________________________________________________________
activation_4 (Activation)    (None, 64, 64, 128)       0         
_________________________________________________________________
up_sampling2d_4 (UpSampling2 (None, 128, 128, 128)     0         
_________________________________________________________________
conv2d_5 (Conv2D)            (None, 128, 128, 64)      131136    
_________________________________________________________________
batch_normalization_5 (Batch (None, 128, 128, 64)      256       
_________________________________________________________________
activation_5 (Activation)    (None, 128, 128, 64)      0         
_________________________________________________________________
conv2d_6 (Conv2D)            (None, 128, 128, 64)      65600     
_________________________________________________________________
batch_normalization_6 (Batch (None, 128, 128, 64)      256       
_________________________________________________________________
activation_6 (Activation)    (None, 128, 128, 64)      0         
_________________________________________________________________
conv2d_7 (Conv2D)            (None, 128, 128, 1)       1025      
_________________________________________________________________
activation_7 (Activation)    (None, 128, 128, 1)       0         
=================================================================
Total params: 8,017,281
Trainable params: 8,015,489
Non-trainable params: 1,792
_________________________________________________________________
Model: "discriminator"
_________________________________________________________________
Layer (type)                 Output Shape              Param #   
=================================================================
conv2d_8 (Conv2D)            (None, 64, 64, 32)        320       
_________________________________________________________________
leaky_re_lu_1 (LeakyReLU)    (None, 64, 64, 32)        0         
_________________________________________________________________
dropout_1 (Dropout)          (None, 64, 64, 32)        0         
_________________________________________________________________
conv2d_9 (Conv2D)            (None, 32, 32, 64)        18496     
_________________________________________________________________
batch_normalization_7 (Batch (None, 32, 32, 64)        256       
_________________________________________________________________
leaky_re_lu_2 (LeakyReLU)    (None, 32, 32, 64)        0         
_________________________________________________________________
dropout_2 (Dropout)          (None, 32, 32, 64)        0         
_________________________________________________________________
conv2d_10 (Conv2D)           (None, 16, 16, 128)       73856     
_________________________________________________________________
batch_normalization_8 (Batch (None, 16, 16, 128)       512       
_________________________________________________________________
leaky_re_lu_3 (LeakyReLU)    (None, 16, 16, 128)       0         
_________________________________________________________________
dropout_3 (Dropout)          (None, 16, 16, 128)       0         
_________________________________________________________________
conv2d_11 (Conv2D)           (None, 8, 8, 128)         147584    
_________________________________________________________________
batch_normalization_9 (Batch (None, 8, 8, 128)         512       
_________________________________________________________________
leaky_re_lu_4 (LeakyReLU)    (None, 8, 8, 128)         0         
_________________________________________________________________
dropout_4 (Dropout)          (None, 8, 8, 128)         0         
_________________________________________________________________
conv2d_12 (Conv2D)           (None, 8, 8, 256)         295168    
_________________________________________________________________
batch_normalization_10 (Batc (None, 8, 8, 256)         1024      
_________________________________________________________________
leaky_re_lu_5 (LeakyReLU)    (None, 8, 8, 256)         0         
_________________________________________________________________
dropout_5 (Dropout)          (None, 8, 8, 256)         0         
_________________________________________________________________
conv2d_13 (Conv2D)           (None, 8, 8, 256)         590080    
_________________________________________________________________
batch_normalization_11 (Batc (None, 8, 8, 256)         1024      
_________________________________________________________________
leaky_re_lu_6 (LeakyReLU)    (None, 8, 8, 256)         0         
_________________________________________________________________
dropout_6 (Dropout)          (None, 8, 8, 256)         0         
_________________________________________________________________
conv2d_14 (Conv2D)           (None, 8, 8, 512)         1180160   
_________________________________________________________________
batch_normalization_12 (Batc (None, 8, 8, 512)         2048      
_________________________________________________________________
leaky_re_lu_7 (LeakyReLU)    (None, 8, 8, 512)         0         
_________________________________________________________________
dropout_7 (Dropout)          (None, 8, 8, 512)         0         
_________________________________________________________________
flatten_1 (Flatten)          (None, 32768)             0         
_________________________________________________________________
dense_2 (Dense)              (None, 1)                 32769     
=================================================================
Total params: 2,343,809
Trainable params: 2,341,121
Non-trainable params: 2,688
_________________________________________________________________
0 [D: 66.852707] [G: 1.437790]
1000 [D: -1.240826] [G: 1.177875]
2000 [D: -1.295281] [G: 2.687548]
3000 [D: -0.128604] [G: 1.166339]
4000 [D: -1.723001] [G: 2.308794]
5000 [D: 0.286401] [G: -0.199534]
6000 [D: 0.001660] [G: 0.278585]
7000 [D: -0.117599] [G: 1.537929]
8000 [D: -0.672668] [G: 2.064715]
9000 [D: -1.092032] [G: 1.644934]
10000 [D: -0.642924] [G: 2.242952]
11000 [D: -1.305135] [G: 0.576393]
12000 [D: -0.432750] [G: 0.931949]
13000 [D: -1.350229] [G: 0.443782]
14000 [D: -0.192246] [G: -0.152779]
15000 [D: -1.637789] [G: 0.985310]
16000 [D: -1.592105] [G: 0.410897]
17000 [D: -1.426864] [G: 1.520646]
18000 [D: -1.974000] [G: 2.785598]
19000 [D: -2.374230] [G: 3.170962]
20000 [D: -1.506642] [G: 3.282671]
