2019-08-29 02:48:06.511719: I tensorflow/core/platform/cpu_feature_guard.cc:141] Your CPU supports instructions that this TensorFlow binary was not compiled to use: AVX2 FMA
2019-08-29 02:48:16.227584: I tensorflow/core/common_runtime/gpu/gpu_device.cc:1432] Found device 0 with properties: 
name: Tesla K80 major: 3 minor: 7 memoryClockRate(GHz): 0.8235
pciBusID: 0000:04:00.0
totalMemory: 11.17GiB freeMemory: 11.10GiB
2019-08-29 02:48:16.336793: I tensorflow/core/common_runtime/gpu/gpu_device.cc:1432] Found device 1 with properties: 
name: Tesla K80 major: 3 minor: 7 memoryClockRate(GHz): 0.8235
pciBusID: 0000:05:00.0
totalMemory: 11.17GiB freeMemory: 11.10GiB
2019-08-29 02:48:16.337253: I tensorflow/core/common_runtime/gpu/gpu_device.cc:1511] Adding visible gpu devices: 0, 1
2019-08-29 02:48:22.542171: I tensorflow/core/common_runtime/gpu/gpu_device.cc:982] Device interconnect StreamExecutor with strength 1 edge matrix:
2019-08-29 02:48:22.542225: I tensorflow/core/common_runtime/gpu/gpu_device.cc:988]      0 1 
2019-08-29 02:48:22.542231: I tensorflow/core/common_runtime/gpu/gpu_device.cc:1001] 0:   N Y 
2019-08-29 02:48:22.542235: I tensorflow/core/common_runtime/gpu/gpu_device.cc:1001] 1:   Y N 
2019-08-29 02:48:22.542734: I tensorflow/core/common_runtime/gpu/gpu_device.cc:1115] Created TensorFlow device (/job:localhost/replica:0/task:0/device:GPU:0 with 10759 MB memory) -> physical GPU (device: 0, name: Tesla K80, pci bus id: 0000:04:00.0, compute capability: 3.7)
2019-08-29 02:48:22.545198: I tensorflow/core/common_runtime/gpu/gpu_device.cc:1115] Created TensorFlow device (/job:localhost/replica:0/task:0/device:GPU:1 with 10759 MB memory) -> physical GPU (device: 1, name: Tesla K80, pci bus id: 0000:05:00.0, compute capability: 3.7)
Using TensorFlow backend.
/global/home/users/andy-wu/.local/lib/python3.6/site-packages/keras/engine/training.py:493: UserWarning: Discrepancy between trainable weights and collected trainable weights, did you set `model.trainable` without calling `model.compile` after ?
  'Discrepancy between trainable weights and collected trainable'
Model: "generator"
_________________________________________________________________
Layer (type)                 Output Shape              Param #   
=================================================================
dense_1 (Dense)              (None, 16384)             4931584   
_________________________________________________________________
reshape_1 (Reshape)          (None, 8, 8, 256)         0         
_________________________________________________________________
up_sampling2d_1 (UpSampling2 (None, 16, 16, 256)       0         
_________________________________________________________________
conv2d_1 (Conv2D)            (None, 16, 16, 256)       1048832   
_________________________________________________________________
batch_normalization_1 (Batch (None, 16, 16, 256)       1024      
_________________________________________________________________
activation_1 (Activation)    (None, 16, 16, 256)       0         
_________________________________________________________________
up_sampling2d_2 (UpSampling2 (None, 32, 32, 256)       0         
_________________________________________________________________
up_sampling2d_3 (UpSampling2 (None, 64, 64, 256)       0         
_________________________________________________________________
conv2d_2 (Conv2D)            (None, 64, 64, 256)       1048832   
_________________________________________________________________
batch_normalization_2 (Batch (None, 64, 64, 256)       1024      
_________________________________________________________________
activation_2 (Activation)    (None, 64, 64, 256)       0         
_________________________________________________________________
up_sampling2d_4 (UpSampling2 (None, 128, 128, 256)     0         
_________________________________________________________________
conv2d_3 (Conv2D)            (None, 128, 128, 128)     524416    
_________________________________________________________________
batch_normalization_3 (Batch (None, 128, 128, 128)     512       
_________________________________________________________________
activation_3 (Activation)    (None, 128, 128, 128)     0         
_________________________________________________________________
conv2d_4 (Conv2D)            (None, 128, 128, 128)     262272    
_________________________________________________________________
batch_normalization_4 (Batch (None, 128, 128, 128)     512       
_________________________________________________________________
activation_4 (Activation)    (None, 128, 128, 128)     0         
_________________________________________________________________
up_sampling2d_5 (UpSampling2 (None, 256, 256, 128)     0         
_________________________________________________________________
conv2d_5 (Conv2D)            (None, 256, 256, 64)      131136    
_________________________________________________________________
batch_normalization_5 (Batch (None, 256, 256, 64)      256       
_________________________________________________________________
activation_5 (Activation)    (None, 256, 256, 64)      0         
_________________________________________________________________
conv2d_6 (Conv2D)            (None, 256, 256, 1)       1025      
_________________________________________________________________
activation_6 (Activation)    (None, 256, 256, 1)       0         
=================================================================
Total params: 7,951,425
Trainable params: 7,949,761
Non-trainable params: 1,664
_________________________________________________________________
Model: "discriminator"
_________________________________________________________________
Layer (type)                 Output Shape              Param #   
=================================================================
conv2d_7 (Conv2D)            (None, 128, 128, 32)      544       
_________________________________________________________________
leaky_re_lu_1 (LeakyReLU)    (None, 128, 128, 32)      0         
_________________________________________________________________
dropout_1 (Dropout)          (None, 128, 128, 32)      0         
_________________________________________________________________
conv2d_8 (Conv2D)            (None, 64, 64, 64)        32832     
_________________________________________________________________
batch_normalization_6 (Batch (None, 64, 64, 64)        256       
_________________________________________________________________
leaky_re_lu_2 (LeakyReLU)    (None, 64, 64, 64)        0         
_________________________________________________________________
dropout_2 (Dropout)          (None, 64, 64, 64)        0         
_________________________________________________________________
conv2d_9 (Conv2D)            (None, 32, 32, 128)       131200    
_________________________________________________________________
batch_normalization_7 (Batch (None, 32, 32, 128)       512       
_________________________________________________________________
leaky_re_lu_3 (LeakyReLU)    (None, 32, 32, 128)       0         
_________________________________________________________________
dropout_3 (Dropout)          (None, 32, 32, 128)       0         
_________________________________________________________________
conv2d_10 (Conv2D)           (None, 16, 16, 128)       262272    
_________________________________________________________________
batch_normalization_8 (Batch (None, 16, 16, 128)       512       
_________________________________________________________________
leaky_re_lu_4 (LeakyReLU)    (None, 16, 16, 128)       0         
_________________________________________________________________
dropout_4 (Dropout)          (None, 16, 16, 128)       0         
_________________________________________________________________
conv2d_11 (Conv2D)           (None, 8, 8, 256)         524544    
_________________________________________________________________
batch_normalization_9 (Batch (None, 8, 8, 256)         1024      
_________________________________________________________________
leaky_re_lu_5 (LeakyReLU)    (None, 8, 8, 256)         0         
_________________________________________________________________
dropout_5 (Dropout)          (None, 8, 8, 256)         0         
_________________________________________________________________
conv2d_12 (Conv2D)           (None, 8, 8, 256)         1048832   
_________________________________________________________________
batch_normalization_10 (Batc (None, 8, 8, 256)         1024      
_________________________________________________________________
leaky_re_lu_6 (LeakyReLU)    (None, 8, 8, 256)         0         
_________________________________________________________________
dropout_6 (Dropout)          (None, 8, 8, 256)         0         
_________________________________________________________________
conv2d_13 (Conv2D)           (None, 8, 8, 512)         1180160   
_________________________________________________________________
batch_normalization_11 (Batc (None, 8, 8, 512)         2048      
_________________________________________________________________
leaky_re_lu_7 (LeakyReLU)    (None, 8, 8, 512)         0         
_________________________________________________________________
dropout_7 (Dropout)          (None, 8, 8, 512)         0         
_________________________________________________________________
flatten_1 (Flatten)          (None, 32768)             0         
_________________________________________________________________
dense_2 (Dense)              (None, 1)                 32769     
=================================================================
Total params: 3,218,529
Trainable params: 3,215,841
Non-trainable params: 2,688
_________________________________________________________________
0 [D: 81.395302] [G: 0.402113]
1000 [D: -4.329019] [G: 7.205124]
2000 [D: -0.103381] [G: 5.963217]
3000 [D: -7.068317] [G: 12.970568]
4000 [D: 7.872565] [G: 12.664581]
5000 [D: 0.626253] [G: 6.185865]
6000 [D: -1.710591] [G: 8.306175]
7000 [D: -5.838659] [G: 11.323689]
8000 [D: -0.624432] [G: 7.691277]
9000 [D: -2.672232] [G: -3.929969]
10000 [D: -0.260051] [G: 4.765931]
11000 [D: -5.681089] [G: -3.379794]
12000 [D: -1.469469] [G: -0.898251]
13000 [D: -1.018150] [G: -10.446763]
14000 [D: -3.430051] [G: -7.310331]
15000 [D: -7.276615] [G: -0.425201]
