Tue Jul 23 15:11:41 2019       
+-----------------------------------------------------------------------------+
| NVIDIA-SMI 384.145                Driver Version: 384.145                   |
|-------------------------------+----------------------+----------------------+
| GPU  Name        Persistence-M| Bus-Id        Disp.A | Volatile Uncorr. ECC |
| Fan  Temp  Perf  Pwr:Usage/Cap|         Memory-Usage | GPU-Util  Compute M. |
|===============================+======================+======================|
|   0  GeForce GTX 108...  Off  | 00000000:02:00.0 Off |                  N/A |
| 50%   83C    P2   222W / 250W |   1297MiB / 11172MiB |     99%      Default |
+-------------------------------+----------------------+----------------------+
|   1  GeForce GTX 108...  Off  | 00000000:03:00.0 Off |                  N/A |
| 23%   39C    P0    62W / 250W |      0MiB / 11172MiB |      0%      Default |
+-------------------------------+----------------------+----------------------+
|   2  GeForce GTX 108...  Off  | 00000000:82:00.0 Off |                  N/A |
| 49%   81C    P2   217W / 250W |   1297MiB / 11172MiB |     99%      Default |
+-------------------------------+----------------------+----------------------+
|   3  GeForce GTX 108...  Off  | 00000000:83:00.0 Off |                  N/A |
| 23%   37C    P0    60W / 250W |      0MiB / 11172MiB |      4%      Default |
+-------------------------------+----------------------+----------------------+
                                                                               
+-----------------------------------------------------------------------------+
| Processes:                                                       GPU Memory |
|  GPU       PID   Type   Process name                             Usage      |
|=============================================================================|
|    0     14769      C   ...vargiu/local/SL7/amber18/bin/pmemd.cuda  1287MiB |
|    2     15177      C   ...vargiu/local/SL7/amber18/bin/pmemd.cuda  1287MiB |
+-----------------------------------------------------------------------------+
2019-07-23 15:12:22.271323: I tensorflow/core/platform/cpu_feature_guard.cc:141] Your CPU supports instructions that this TensorFlow binary was not compiled to use: AVX2 FMA
2019-07-23 15:12:25.266230: I tensorflow/core/common_runtime/gpu/gpu_device.cc:1432] Found device 0 with properties: 
name: GeForce GTX 1080 Ti major: 6 minor: 1 memoryClockRate(GHz): 1.582
pciBusID: 0000:03:00.0
totalMemory: 10.91GiB freeMemory: 10.75GiB
2019-07-23 15:12:25.266279: I tensorflow/core/common_runtime/gpu/gpu_device.cc:1511] Adding visible gpu devices: 0
2019-07-23 15:12:29.682774: I tensorflow/core/common_runtime/gpu/gpu_device.cc:982] Device interconnect StreamExecutor with strength 1 edge matrix:
2019-07-23 15:12:29.682824: I tensorflow/core/common_runtime/gpu/gpu_device.cc:988]      0 
2019-07-23 15:12:29.682835: I tensorflow/core/common_runtime/gpu/gpu_device.cc:1001] 0:   N 
2019-07-23 15:12:29.683904: I tensorflow/core/common_runtime/gpu/gpu_device.cc:1115] Created TensorFlow device (/job:localhost/replica:0/task:0/device:GPU:0 with 10400 MB memory) -> physical GPU (device: 0, name: GeForce GTX 1080 Ti, pci bus id: 0000:03:00.0, compute capability: 6.1)
Using TensorFlow backend.
Model: "sequential_1"
_________________________________________________________________
Layer (type)                 Output Shape              Param #   
=================================================================
dense_1 (Dense)              (None, 8192)              2465792   
_________________________________________________________________
reshape_1 (Reshape)          (None, 8, 8, 128)         0         
_________________________________________________________________
up_sampling2d_1 (UpSampling2 (None, 16, 16, 128)       0         
_________________________________________________________________
conv2d_1 (Conv2D)            (None, 16, 16, 128)       262272    
_________________________________________________________________
batch_normalization_1 (Batch (None, 16, 16, 128)       512       
_________________________________________________________________
activation_1 (Activation)    (None, 16, 16, 128)       0         
_________________________________________________________________
conv2d_2 (Conv2D)            (None, 16, 16, 128)       262272    
_________________________________________________________________
batch_normalization_2 (Batch (None, 16, 16, 128)       512       
_________________________________________________________________
activation_2 (Activation)    (None, 16, 16, 128)       0         
_________________________________________________________________
up_sampling2d_2 (UpSampling2 (None, 32, 32, 128)       0         
_________________________________________________________________
conv2d_3 (Conv2D)            (None, 32, 32, 64)        131136    
_________________________________________________________________
batch_normalization_3 (Batch (None, 32, 32, 64)        256       
_________________________________________________________________
activation_3 (Activation)    (None, 32, 32, 64)        0         
_________________________________________________________________
up_sampling2d_3 (UpSampling2 (None, 64, 64, 64)        0         
_________________________________________________________________
conv2d_4 (Conv2D)            (None, 64, 64, 64)        65600     
_________________________________________________________________
batch_normalization_4 (Batch (None, 64, 64, 64)        256       
_________________________________________________________________
activation_4 (Activation)    (None, 64, 64, 64)        0         
_________________________________________________________________
conv2d_5 (Conv2D)            (None, 64, 64, 1)         1025      
_________________________________________________________________
activation_5 (Activation)    (None, 64, 64, 1)         0         
=================================================================
Total params: 3,189,633
Trainable params: 3,188,865
Non-trainable params: 768
_________________________________________________________________
Model: "sequential_2"
_________________________________________________________________
Layer (type)                 Output Shape              Param #   
=================================================================
conv2d_6 (Conv2D)            (None, 32, 32, 32)        320       
_________________________________________________________________
leaky_re_lu_1 (LeakyReLU)    (None, 32, 32, 32)        0         
_________________________________________________________________
dropout_1 (Dropout)          (None, 32, 32, 32)        0         
_________________________________________________________________
conv2d_7 (Conv2D)            (None, 16, 16, 64)        18496     
_________________________________________________________________
zero_padding2d_1 (ZeroPaddin (None, 17, 17, 64)        0         
_________________________________________________________________
batch_normalization_5 (Batch (None, 17, 17, 64)        256       
_________________________________________________________________
leaky_re_lu_2 (LeakyReLU)    (None, 17, 17, 64)        0         
_________________________________________________________________
dropout_2 (Dropout)          (None, 17, 17, 64)        0         
_________________________________________________________________
conv2d_8 (Conv2D)            (None, 9, 9, 128)         73856     
_________________________________________________________________
zero_padding2d_2 (ZeroPaddin (None, 10, 10, 128)       0         
_________________________________________________________________
batch_normalization_6 (Batch (None, 10, 10, 128)       512       
_________________________________________________________________
leaky_re_lu_3 (LeakyReLU)    (None, 10, 10, 128)       0         
_________________________________________________________________
dropout_3 (Dropout)          (None, 10, 10, 128)       0         
_________________________________________________________________
conv2d_9 (Conv2D)            (None, 10, 10, 256)       295168    
_________________________________________________________________
batch_normalization_7 (Batch (None, 10, 10, 256)       1024      
_________________________________________________________________
leaky_re_lu_4 (LeakyReLU)    (None, 10, 10, 256)       0         
_________________________________________________________________
dropout_4 (Dropout)          (None, 10, 10, 256)       0         
_________________________________________________________________
conv2d_10 (Conv2D)           (None, 10, 10, 512)       1180160   
_________________________________________________________________
batch_normalization_8 (Batch (None, 10, 10, 512)       2048      
_________________________________________________________________
leaky_re_lu_5 (LeakyReLU)    (None, 10, 10, 512)       0         
_________________________________________________________________
dropout_5 (Dropout)          (None, 10, 10, 512)       0         
_________________________________________________________________
flatten_1 (Flatten)          (None, 51200)             0         
_________________________________________________________________
dense_2 (Dense)              (None, 1)                 51201     
=================================================================
Total params: 1,623,041
Trainable params: 1,621,121
Non-trainable params: 1,920
_________________________________________________________________
0 [D: 64.594109] [G: 0.158242]
200 [D: -3.324173] [G: 4.848643]
400 [D: -1.572800] [G: 1.686618]
600 [D: -1.002785] [G: 2.443979]
800 [D: -0.774108] [G: 2.714848]
1000 [D: -0.676334] [G: 2.761122]
1200 [D: 1.024475] [G: 2.305551]
1400 [D: -1.189791] [G: 0.750304]
1600 [D: -0.189270] [G: 0.533988]
1800 [D: -0.810940] [G: -0.012391]
2000 [D: -1.082492] [G: 0.221323]
2200 [D: -1.063761] [G: -1.072068]
2400 [D: -0.210519] [G: 1.164216]
2600 [D: -0.395143] [G: 0.193625]
2800 [D: -0.864411] [G: -0.255745]
3000 [D: 0.023866] [G: 1.548357]
3200 [D: -0.981465] [G: 0.286403]
3400 [D: 0.493552] [G: -1.226863]
3600 [D: -0.366842] [G: -0.108974]
3800 [D: -1.034631] [G: -1.496236]
4000 [D: -1.089550] [G: -1.657194]
4200 [D: -0.714403] [G: -0.707964]
4400 [D: -0.022158] [G: -0.739169]
4600 [D: -1.258296] [G: -1.494419]
4800 [D: -0.403397] [G: -0.313819]
5000 [D: -1.793421] [G: -1.386964]
5200 [D: 0.134763] [G: -1.677566]
5400 [D: -0.494675] [G: -3.570145]
5600 [D: 0.085419] [G: -3.401884]
5800 [D: -0.309585] [G: -2.888506]
6000 [D: -0.593132] [G: -3.514297]
6200 [D: -1.026080] [G: -5.307558]
6400 [D: 0.045923] [G: -5.949800]
6600 [D: -2.618274] [G: -7.744256]
6800 [D: -0.263962] [G: -4.849756]
7000 [D: 0.237979] [G: -11.279339]
7200 [D: -0.300954] [G: -8.591627]
7400 [D: 0.547925] [G: -12.306641]
7600 [D: -0.348363] [G: -5.843028]
7800 [D: -0.753877] [G: -10.212032]
8000 [D: -0.060146] [G: -9.768814]
8200 [D: -0.907205] [G: -5.816800]
8400 [D: 0.350896] [G: -8.471403]
8600 [D: -1.235166] [G: -8.764378]
8800 [D: -0.715652] [G: -8.418369]
9000 [D: -0.671689] [G: -11.129189]
9200 [D: -0.067071] [G: -10.381980]
9400 [D: -2.278143] [G: -11.524794]
9600 [D: -1.337114] [G: -11.942314]
9800 [D: -0.683324] [G: -11.812198]
10000 [D: -1.977714] [G: -13.742520]
10200 [D: -0.386854] [G: -17.085297]
10400 [D: -0.380164] [G: -17.564037]
10600 [D: 0.011631] [G: -16.149462]
10800 [D: 0.322607] [G: -14.772369]
11000 [D: -0.251554] [G: -15.107477]
11200 [D: -1.866357] [G: -15.877155]
11400 [D: -1.275664] [G: -18.766508]
11600 [D: -0.877581] [G: -18.716141]
11800 [D: 0.398379] [G: -17.983742]
12000 [D: 0.123743] [G: -18.247025]
12200 [D: -1.581646] [G: -19.737162]
12400 [D: -0.596223] [G: -18.184902]
12600 [D: -0.872960] [G: -19.259949]
12800 [D: -1.319089] [G: -17.985256]
13000 [D: -0.505215] [G: -18.633663]
13200 [D: -0.577147] [G: -20.589773]
13400 [D: -0.751508] [G: -20.066385]
13600 [D: -0.441920] [G: -20.582010]
13800 [D: -0.871894] [G: -19.472382]
14000 [D: -2.114894] [G: -21.346788]
14200 [D: -0.592229] [G: -18.735798]
14400 [D: -0.411881] [G: -23.215664]
14600 [D: -0.908959] [G: -22.976658]
14800 [D: -0.720997] [G: -25.456718]
15000 [D: 0.137023] [G: -26.631510]
15200 [D: -1.024816] [G: -25.910105]
15400 [D: 0.172149] [G: -25.626350]
15600 [D: -0.358058] [G: -25.728928]
15800 [D: -1.114337] [G: -24.908897]
16000 [D: -0.913066] [G: -28.020809]
16200 [D: -0.700824] [G: -27.464825]
16400 [D: -0.724487] [G: -28.880640]
16600 [D: -0.838264] [G: -28.015949]
16800 [D: 0.076262] [G: -28.502649]
17000 [D: -0.987291] [G: -28.090034]
17200 [D: -0.605500] [G: -27.800465]
17400 [D: -0.362134] [G: -26.267647]
17600 [D: -0.443915] [G: -27.826744]
17800 [D: -1.225055] [G: -25.398876]
18000 [D: -1.174335] [G: -26.277428]
18200 [D: -0.417119] [G: -26.577402]
18400 [D: -0.645261] [G: -27.055237]
18600 [D: -0.154913] [G: -28.136051]
18800 [D: -1.225524] [G: -27.465893]
19000 [D: 0.217552] [G: -27.727234]
19200 [D: -0.508532] [G: -27.225090]
19400 [D: -0.586911] [G: -27.027109]
19600 [D: -0.134567] [G: -27.293537]
19800 [D: -1.062071] [G: -29.122406]
20000 [D: 0.017359] [G: -26.632416]
Traceback (most recent call last):
  File "wgan.py", line 255, in <module>
    fig.savefig("images/wgan_{}/f{}.png".format(timestamp, i))
NameError: name 'fig' is not defined
