Tue Aug  6 15:24:46 2019       
+-----------------------------------------------------------------------------+
| NVIDIA-SMI 410.104      Driver Version: 410.104      CUDA Version: 10.0     |
|-------------------------------+----------------------+----------------------+
| GPU  Name        Persistence-M| Bus-Id        Disp.A | Volatile Uncorr. ECC |
| Fan  Temp  Perf  Pwr:Usage/Cap|         Memory-Usage | GPU-Util  Compute M. |
|===============================+======================+======================|
|   0  GeForce GTX 108...  Off  | 00000000:02:00.0 Off |                  N/A |
| 62%   84C    P2   188W / 250W |   4209MiB / 11178MiB |    100%      Default |
+-------------------------------+----------------------+----------------------+
|   1  GeForce GTX 108...  Off  | 00000000:03:00.0 Off |                  N/A |
| 37%   63C    P2    83W / 250W |   8337MiB / 11178MiB |      0%      Default |
+-------------------------------+----------------------+----------------------+
|   2  GeForce GTX 108...  Off  | 00000000:82:00.0 Off |                  N/A |
| 37%   62C    P2    84W / 250W |   8319MiB / 11178MiB |      0%      Default |
+-------------------------------+----------------------+----------------------+
|   3  GeForce GTX 108...  Off  | 00000000:83:00.0 Off |                  N/A |
| 23%   29C    P0    69W / 250W |      0MiB / 11178MiB |      6%      Default |
+-------------------------------+----------------------+----------------------+
                                                                               
+-----------------------------------------------------------------------------+
| Processes:                                                       GPU Memory |
|  GPU       PID   Type   Process name                             Usage      |
|=============================================================================|
|    0     27996      C   ...software/ont-guppy/bin/guppy_basecaller  4199MiB |
|    1     28223      C   python                                      8327MiB |
|    2     28223      C   python                                      8309MiB |
+-----------------------------------------------------------------------------+
2019-08-06 15:25:43.153783: I tensorflow/core/platform/cpu_feature_guard.cc:141] Your CPU supports instructions that this TensorFlow binary was not compiled to use: AVX2 FMA
2019-08-06 15:25:43.572520: I tensorflow/core/common_runtime/gpu/gpu_device.cc:1432] Found device 0 with properties: 
name: GeForce GTX 1080 Ti major: 6 minor: 1 memoryClockRate(GHz): 1.582
pciBusID: 0000:83:00.0
totalMemory: 10.92GiB freeMemory: 10.76GiB
2019-08-06 15:25:43.572569: I tensorflow/core/common_runtime/gpu/gpu_device.cc:1511] Adding visible gpu devices: 0
2019-08-06 15:25:48.934402: I tensorflow/core/common_runtime/gpu/gpu_device.cc:982] Device interconnect StreamExecutor with strength 1 edge matrix:
2019-08-06 15:25:48.934442: I tensorflow/core/common_runtime/gpu/gpu_device.cc:988]      0 
2019-08-06 15:25:48.934453: I tensorflow/core/common_runtime/gpu/gpu_device.cc:1001] 0:   N 
2019-08-06 15:25:48.935486: I tensorflow/core/common_runtime/gpu/gpu_device.cc:1115] Created TensorFlow device (/job:localhost/replica:0/task:0/device:GPU:0 with 10409 MB memory) -> physical GPU (device: 0, name: GeForce GTX 1080 Ti, pci bus id: 0000:83:00.0, compute capability: 6.1)
slurmstepd: error: *** JOB 4883188 ON n0298.savio2 CANCELLED AT 2019-08-07T06:25:11 DUE TO TIME LIMIT ***
