Tue Jul 23 20:29:30 2019       
+-----------------------------------------------------------------------------+
| NVIDIA-SMI 384.145                Driver Version: 384.145                   |
|-------------------------------+----------------------+----------------------+
| GPU  Name        Persistence-M| Bus-Id        Disp.A | Volatile Uncorr. ECC |
| Fan  Temp  Perf  Pwr:Usage/Cap|         Memory-Usage | GPU-Util  Compute M. |
|===============================+======================+======================|
|   0  GeForce GTX 108...  Off  | 00000000:02:00.0 Off |                  N/A |
| 50%   83C    P2    86W / 250W |   1297MiB / 11172MiB |      0%      Default |
+-------------------------------+----------------------+----------------------+
|   1  GeForce GTX 108...  Off  | 00000000:03:00.0 Off |                  N/A |
| 23%   39C    P0    62W / 250W |      0MiB / 11172MiB |      0%      Default |
+-------------------------------+----------------------+----------------------+
|   2  GeForce GTX 108...  Off  | 00000000:82:00.0 Off |                  N/A |
| 48%   81C    P2   218W / 250W |   1297MiB / 11172MiB |     99%      Default |
+-------------------------------+----------------------+----------------------+
|   3  GeForce GTX 108...  Off  | 00000000:83:00.0 Off |                  N/A |
| 23%   37C    P0    60W / 250W |      0MiB / 11172MiB |      2%      Default |
+-------------------------------+----------------------+----------------------+
                                                                               
+-----------------------------------------------------------------------------+
| Processes:                                                       GPU Memory |
|  GPU       PID   Type   Process name                             Usage      |
|=============================================================================|
|    0     14769      C   ...vargiu/local/SL7/amber18/bin/pmemd.cuda  1287MiB |
|    2     15177      C   ...vargiu/local/SL7/amber18/bin/pmemd.cuda  1287MiB |
+-----------------------------------------------------------------------------+
2019-07-23 20:30:04.884343: I tensorflow/core/platform/cpu_feature_guard.cc:141] Your CPU supports instructions that this TensorFlow binary was not compiled to use: AVX2 FMA
2019-07-23 20:30:07.900482: I tensorflow/core/common_runtime/gpu/gpu_device.cc:1432] Found device 0 with properties: 
name: GeForce GTX 1080 Ti major: 6 minor: 1 memoryClockRate(GHz): 1.582
pciBusID: 0000:03:00.0
totalMemory: 10.91GiB freeMemory: 10.75GiB
2019-07-23 20:30:07.900524: I tensorflow/core/common_runtime/gpu/gpu_device.cc:1511] Adding visible gpu devices: 0
2019-07-23 20:30:08.351999: I tensorflow/core/common_runtime/gpu/gpu_device.cc:982] Device interconnect StreamExecutor with strength 1 edge matrix:
2019-07-23 20:30:08.352047: I tensorflow/core/common_runtime/gpu/gpu_device.cc:988]      0 
2019-07-23 20:30:08.352057: I tensorflow/core/common_runtime/gpu/gpu_device.cc:1001] 0:   N 
2019-07-23 20:30:08.356456: I tensorflow/core/common_runtime/gpu/gpu_device.cc:1115] Created TensorFlow device (/job:localhost/replica:0/task:0/device:GPU:0 with 10400 MB memory) -> physical GPU (device: 0, name: GeForce GTX 1080 Ti, pci bus id: 0000:03:00.0, compute capability: 6.1)
Using TensorFlow backend.
Model: "sequential_1"
_________________________________________________________________
Layer (type)                 Output Shape              Param #   
=================================================================
dense_1 (Dense)              (None, 8192)              2465792   
_________________________________________________________________
reshape_1 (Reshape)          (None, 8, 8, 128)         0         
_________________________________________________________________
up_sampling2d_1 (UpSampling2 (None, 16, 16, 128)       0         
_________________________________________________________________
conv2d_1 (Conv2D)            (None, 16, 16, 128)       262272    
_________________________________________________________________
batch_normalization_1 (Batch (None, 16, 16, 128)       512       
_________________________________________________________________
activation_1 (Activation)    (None, 16, 16, 128)       0         
_________________________________________________________________
conv2d_2 (Conv2D)            (None, 16, 16, 128)       262272    
_________________________________________________________________
batch_normalization_2 (Batch (None, 16, 16, 128)       512       
_________________________________________________________________
activation_2 (Activation)    (None, 16, 16, 128)       0         
_________________________________________________________________
up_sampling2d_2 (UpSampling2 (None, 32, 32, 128)       0         
_________________________________________________________________
conv2d_3 (Conv2D)            (None, 32, 32, 64)        131136    
_________________________________________________________________
batch_normalization_3 (Batch (None, 32, 32, 64)        256       
_________________________________________________________________
activation_3 (Activation)    (None, 32, 32, 64)        0         
_________________________________________________________________
up_sampling2d_3 (UpSampling2 (None, 64, 64, 64)        0         
_________________________________________________________________
conv2d_4 (Conv2D)            (None, 64, 64, 64)        65600     
_________________________________________________________________
batch_normalization_4 (Batch (None, 64, 64, 64)        256       
_________________________________________________________________
activation_4 (Activation)    (None, 64, 64, 64)        0         
_________________________________________________________________
conv2d_5 (Conv2D)            (None, 64, 64, 1)         1025      
_________________________________________________________________
activation_5 (Activation)    (None, 64, 64, 1)         0         
=================================================================
Total params: 3,189,633
Trainable params: 3,188,865
Non-trainable params: 768
_________________________________________________________________
Model: "sequential_2"
_________________________________________________________________
Layer (type)                 Output Shape              Param #   
=================================================================
conv2d_6 (Conv2D)            (None, 32, 32, 32)        320       
_________________________________________________________________
leaky_re_lu_1 (LeakyReLU)    (None, 32, 32, 32)        0         
_________________________________________________________________
dropout_1 (Dropout)          (None, 32, 32, 32)        0         
_________________________________________________________________
conv2d_7 (Conv2D)            (None, 16, 16, 64)        18496     
_________________________________________________________________
zero_padding2d_1 (ZeroPaddin (None, 17, 17, 64)        0         
_________________________________________________________________
batch_normalization_5 (Batch (None, 17, 17, 64)        256       
_________________________________________________________________
leaky_re_lu_2 (LeakyReLU)    (None, 17, 17, 64)        0         
_________________________________________________________________
dropout_2 (Dropout)          (None, 17, 17, 64)        0         
_________________________________________________________________
conv2d_8 (Conv2D)            (None, 9, 9, 128)         73856     
_________________________________________________________________
zero_padding2d_2 (ZeroPaddin (None, 10, 10, 128)       0         
_________________________________________________________________
batch_normalization_6 (Batch (None, 10, 10, 128)       512       
_________________________________________________________________
leaky_re_lu_3 (LeakyReLU)    (None, 10, 10, 128)       0         
_________________________________________________________________
dropout_3 (Dropout)          (None, 10, 10, 128)       0         
_________________________________________________________________
conv2d_9 (Conv2D)            (None, 10, 10, 256)       295168    
_________________________________________________________________
batch_normalization_7 (Batch (None, 10, 10, 256)       1024      
_________________________________________________________________
leaky_re_lu_4 (LeakyReLU)    (None, 10, 10, 256)       0         
_________________________________________________________________
dropout_4 (Dropout)          (None, 10, 10, 256)       0         
_________________________________________________________________
conv2d_10 (Conv2D)           (None, 10, 10, 512)       1180160   
_________________________________________________________________
batch_normalization_8 (Batch (None, 10, 10, 512)       2048      
_________________________________________________________________
leaky_re_lu_5 (LeakyReLU)    (None, 10, 10, 512)       0         
_________________________________________________________________
dropout_5 (Dropout)          (None, 10, 10, 512)       0         
_________________________________________________________________
flatten_1 (Flatten)          (None, 51200)             0         
_________________________________________________________________
dense_2 (Dense)              (None, 1)                 51201     
=================================================================
Total params: 1,623,041
Trainable params: 1,621,121
Non-trainable params: 1,920
_________________________________________________________________
0 [D: 78.108727] [G: -0.248857]
200 [D: -2.039516] [G: 3.799474]
400 [D: -0.626295] [G: 0.588424]
600 [D: -0.547633] [G: 1.006181]
800 [D: -1.198270] [G: 0.995079]
1000 [D: -0.856379] [G: 0.568273]
1200 [D: -0.929204] [G: 0.916071]
1400 [D: -1.053774] [G: 0.187961]
1600 [D: -0.756633] [G: -0.221078]
1800 [D: -2.788661] [G: -5.143676]
2000 [D: -0.466494] [G: -5.159325]
2200 [D: -0.060653] [G: -8.253065]
2400 [D: -1.001487] [G: -11.655764]
2600 [D: 0.243715] [G: -10.287697]
2800 [D: -1.323423] [G: -10.205851]
3000 [D: 0.728101] [G: -12.089194]
3200 [D: -0.304118] [G: -12.756825]
3400 [D: -0.554559] [G: -14.847889]
3600 [D: -2.748226] [G: -17.507526]
3800 [D: -0.119867] [G: -18.205151]
4000 [D: -1.117764] [G: -17.343084]
4200 [D: 0.631049] [G: -22.043961]
4400 [D: 0.315267] [G: -21.466908]
4600 [D: -0.037079] [G: -25.121748]
4800 [D: -0.058149] [G: -26.084843]
5000 [D: -1.983660] [G: -25.994606]
5200 [D: -0.484473] [G: -33.029751]
5400 [D: -0.776848] [G: -31.525913]
5600 [D: -1.972840] [G: -32.256054]
5800 [D: -0.619350] [G: -35.065979]
6000 [D: 0.262704] [G: -33.010105]
6200 [D: -1.132139] [G: -39.200691]
6400 [D: 0.927617] [G: -40.113567]
6600 [D: -0.546112] [G: -43.357254]
6800 [D: -0.756964] [G: -41.683411]
7000 [D: -1.231730] [G: -40.953239]
7200 [D: -0.820781] [G: -42.861702]
7400 [D: -0.871307] [G: -45.042564]
7600 [D: -0.180502] [G: -44.765854]
7800 [D: -1.658715] [G: -30.874489]
8000 [D: 2.284632] [G: -21.908680]
8200 [D: -1.034002] [G: -17.419785]
8400 [D: -1.375150] [G: -17.280254]
8600 [D: -1.074374] [G: -15.248500]
8800 [D: 0.170202] [G: -19.198978]
9000 [D: 0.328879] [G: -16.743532]
9200 [D: -1.139772] [G: -19.607910]
9400 [D: -0.375477] [G: -20.545879]
9600 [D: -1.693451] [G: -18.623039]
9800 [D: 0.443019] [G: -22.143463]
10000 [D: 0.121529] [G: -23.018541]
10200 [D: 0.190544] [G: -20.227001]
10400 [D: -0.492428] [G: -22.794643]
10600 [D: -0.238613] [G: -21.932350]
10800 [D: -0.037392] [G: -22.056202]
11000 [D: 0.313637] [G: -24.747503]
11200 [D: 0.024299] [G: -24.526993]
11400 [D: -1.298754] [G: -22.208378]
11600 [D: 0.254867] [G: -25.196810]
11800 [D: -1.134804] [G: -25.629360]
12000 [D: -0.497770] [G: -24.483881]
12200 [D: -2.177232] [G: -24.516720]
12400 [D: -1.354741] [G: -24.269682]
12600 [D: -0.080585] [G: -23.119234]
12800 [D: -1.141212] [G: -22.525354]
13000 [D: -0.042018] [G: -22.480015]
13200 [D: -0.685054] [G: -22.447496]
13400 [D: -0.337248] [G: -21.094475]
13600 [D: 0.340590] [G: -22.849230]
13800 [D: -1.030180] [G: -24.664227]
14000 [D: -0.155057] [G: -21.830978]
14200 [D: -0.872801] [G: -20.908121]
14400 [D: 0.304060] [G: -21.471096]
14600 [D: -0.992486] [G: -19.415070]
14800 [D: -0.528803] [G: -21.682737]
15000 [D: -0.630387] [G: -22.988365]
15200 [D: -1.138193] [G: -21.865320]
15400 [D: 0.798685] [G: -22.307426]
15600 [D: -0.257065] [G: -20.768791]
15800 [D: -0.173474] [G: -20.764133]
16000 [D: -0.644119] [G: -21.056557]
16200 [D: -0.096551] [G: -21.391827]
16400 [D: -0.723541] [G: -20.385859]
16600 [D: -1.240490] [G: -20.567390]
16800 [D: -0.622241] [G: -18.531841]
17000 [D: -0.686984] [G: -19.627462]
17200 [D: 0.023883] [G: -19.144234]
17400 [D: -0.446883] [G: -19.188141]
17600 [D: -2.194101] [G: -20.996439]
17800 [D: -0.854941] [G: -20.568640]
18000 [D: -0.810792] [G: -18.335550]
18200 [D: -1.677643] [G: -19.890644]
18400 [D: -0.499951] [G: -19.553444]
18600 [D: -0.400640] [G: -18.769188]
18800 [D: -0.187777] [G: -20.737240]
19000 [D: 1.289452] [G: -21.549046]
19200 [D: -0.268660] [G: -21.642933]
19400 [D: -0.383184] [G: -21.474314]
19600 [D: -0.682714] [G: -21.078609]
19800 [D: -0.868136] [G: -20.486658]
20000 [D: -0.719080] [G: -18.660086]
Traceback (most recent call last):
  File "wgan.py", line 249, in <module>
    wgan.generator.save_weights('models/{}/wgangen.h5'.format(timestamp))
  File "/global/home/users/andy-wu/.local/lib/python3.6/site-packages/keras/engine/saving.py", line 415, in save_wrapper
    save_function(obj, filepath, overwrite, *args, **kwargs)
  File "/global/home/users/andy-wu/.local/lib/python3.6/site-packages/keras/engine/network.py", line 1170, in save_weights
    with h5py.File(filepath, 'w') as f:
  File "/global/home/users/andy-wu/.local/lib/python3.6/site-packages/h5py/_hl/files.py", line 394, in __init__
    swmr=swmr)
  File "/global/home/users/andy-wu/.local/lib/python3.6/site-packages/h5py/_hl/files.py", line 176, in make_fid
    fid = h5f.create(name, h5f.ACC_TRUNC, fapl=fapl, fcpl=fcpl)
  File "h5py/_objects.pyx", line 54, in h5py._objects.with_phil.wrapper
  File "h5py/_objects.pyx", line 55, in h5py._objects.with_phil.wrapper
  File "h5py/h5f.pyx", line 105, in h5py.h5f.create
OSError: Unable to create file (unable to open file: name = 'models/20190723203004/wgangen.h5', errno = 2, error message = 'No such file or directory', flags = 13, o_flags = 242)
