Mon Aug  5 17:11:31 2019       
+-----------------------------------------------------------------------------+
| NVIDIA-SMI 410.104      Driver Version: 410.104      CUDA Version: 10.0     |
|-------------------------------+----------------------+----------------------+
| GPU  Name        Persistence-M| Bus-Id        Disp.A | Volatile Uncorr. ECC |
| Fan  Temp  Perf  Pwr:Usage/Cap|         Memory-Usage | GPU-Util  Compute M. |
|===============================+======================+======================|
|   0  GeForce GTX 108...  Off  | 00000000:02:00.0 Off |                  N/A |
| 23%   42C    P0    60W / 250W |      0MiB / 11178MiB |      0%      Default |
+-------------------------------+----------------------+----------------------+
|   1  GeForce GTX 108...  Off  | 00000000:03:00.0 Off |                  N/A |
| 20%   34C    P0    59W / 250W |      0MiB / 11178MiB |      0%      Default |
+-------------------------------+----------------------+----------------------+
|   2  GeForce GTX 108...  Off  | 00000000:82:00.0 Off |                  N/A |
| 21%   36C    P0    61W / 250W |      0MiB / 11178MiB |      0%      Default |
+-------------------------------+----------------------+----------------------+
|   3  GeForce GTX 108...  Off  | 00000000:83:00.0 Off |                  N/A |
| 20%   31C    P0    54W / 250W |      0MiB / 11178MiB |      4%      Default |
+-------------------------------+----------------------+----------------------+
                                                                               
+-----------------------------------------------------------------------------+
| Processes:                                                       GPU Memory |
|  GPU       PID   Type   Process name                             Usage      |
|=============================================================================|
|  No running processes found                                                 |
+-----------------------------------------------------------------------------+
2019-08-05 17:12:28.744124: I tensorflow/core/platform/cpu_feature_guard.cc:141] Your CPU supports instructions that this TensorFlow binary was not compiled to use: AVX2 FMA
2019-08-05 17:12:31.884326: I tensorflow/core/common_runtime/gpu/gpu_device.cc:1432] Found device 0 with properties: 
name: GeForce GTX 1080 Ti major: 6 minor: 1 memoryClockRate(GHz): 1.582
pciBusID: 0000:82:00.0
totalMemory: 10.92GiB freeMemory: 10.76GiB
2019-08-05 17:12:31.884376: I tensorflow/core/common_runtime/gpu/gpu_device.cc:1511] Adding visible gpu devices: 0
2019-08-05 17:12:36.465410: I tensorflow/core/common_runtime/gpu/gpu_device.cc:982] Device interconnect StreamExecutor with strength 1 edge matrix:
2019-08-05 17:12:36.465499: I tensorflow/core/common_runtime/gpu/gpu_device.cc:988]      0 
2019-08-05 17:12:36.465520: I tensorflow/core/common_runtime/gpu/gpu_device.cc:1001] 0:   N 
2019-08-05 17:12:36.467468: I tensorflow/core/common_runtime/gpu/gpu_device.cc:1115] Created TensorFlow device (/job:localhost/replica:0/task:0/device:GPU:0 with 10409 MB memory) -> physical GPU (device: 0, name: GeForce GTX 1080 Ti, pci bus id: 0000:82:00.0, compute capability: 6.1)
/var/spool/slurmd/job4881557/slurm_script: line 16: 16247 Killed                  python3 wgan256.py
slurmstepd: error: Detected 1 oom-kill event(s) in step 4881557.batch cgroup. Some of your processes may have been killed by the cgroup out-of-memory handler.
