Thu Jul 25 15:29:54 2019       
+-----------------------------------------------------------------------------+
| NVIDIA-SMI 384.145                Driver Version: 384.145                   |
|-------------------------------+----------------------+----------------------+
| GPU  Name        Persistence-M| Bus-Id        Disp.A | Volatile Uncorr. ECC |
| Fan  Temp  Perf  Pwr:Usage/Cap|         Memory-Usage | GPU-Util  Compute M. |
|===============================+======================+======================|
|   0  GeForce GTX 108...  Off  | 00000000:02:00.0 Off |                  N/A |
| 79%   87C    P2   143W / 250W |  10749MiB / 11172MiB |     92%      Default |
+-------------------------------+----------------------+----------------------+
|   1  GeForce GTX 108...  Off  | 00000000:03:00.0 Off |                  N/A |
| 23%   34C    P0    59W / 250W |      0MiB / 11172MiB |      0%      Default |
+-------------------------------+----------------------+----------------------+
|   2  GeForce GTX 108...  Off  | 00000000:81:00.0 Off |                  N/A |
| 23%   33C    P0    59W / 250W |      0MiB / 11172MiB |      0%      Default |
+-------------------------------+----------------------+----------------------+
|   3  GeForce GTX 108...  Off  | 00000000:82:00.0 Off |                  N/A |
| 23%   32C    P0    59W / 250W |      0MiB / 11172MiB |      0%      Default |
+-------------------------------+----------------------+----------------------+
                                                                               
+-----------------------------------------------------------------------------+
| Processes:                                                       GPU Memory |
|  GPU       PID   Type   Process name                             Usage      |
|=============================================================================|
|    0     13307      C   python                                     10739MiB |
+-----------------------------------------------------------------------------+
2019-07-25 15:35:31.720881: I tensorflow/core/platform/cpu_feature_guard.cc:141] Your CPU supports instructions that this TensorFlow binary was not compiled to use: AVX2 FMA
2019-07-25 15:35:34.081450: I tensorflow/core/common_runtime/gpu/gpu_device.cc:1432] Found device 0 with properties: 
name: GeForce GTX 1080 Ti major: 6 minor: 1 memoryClockRate(GHz): 1.582
pciBusID: 0000:81:00.0
totalMemory: 10.91GiB freeMemory: 10.75GiB
2019-07-25 15:35:34.081494: I tensorflow/core/common_runtime/gpu/gpu_device.cc:1511] Adding visible gpu devices: 0
2019-07-25 15:35:38.000833: I tensorflow/core/common_runtime/gpu/gpu_device.cc:982] Device interconnect StreamExecutor with strength 1 edge matrix:
2019-07-25 15:35:38.000904: I tensorflow/core/common_runtime/gpu/gpu_device.cc:988]      0 
2019-07-25 15:35:38.000918: I tensorflow/core/common_runtime/gpu/gpu_device.cc:1001] 0:   N 
2019-07-25 15:35:38.001465: I tensorflow/core/common_runtime/gpu/gpu_device.cc:1115] Created TensorFlow device (/job:localhost/replica:0/task:0/device:GPU:0 with 10400 MB memory) -> physical GPU (device: 0, name: GeForce GTX 1080 Ti, pci bus id: 0000:81:00.0, compute capability: 6.1)
Using TensorFlow backend.
Model: "generator"
_________________________________________________________________
Layer (type)                 Output Shape              Param #   
=================================================================
dense_1 (Dense)              (None, 16384)             4931584   
_________________________________________________________________
reshape_1 (Reshape)          (None, 8, 8, 256)         0         
_________________________________________________________________
up_sampling2d_1 (UpSampling2 (None, 16, 16, 256)       0         
_________________________________________________________________
conv2d_1 (Conv2D)            (None, 16, 16, 256)       1048832   
_________________________________________________________________
batch_normalization_1 (Batch (None, 16, 16, 256)       1024      
_________________________________________________________________
activation_1 (Activation)    (None, 16, 16, 256)       0         
_________________________________________________________________
up_sampling2d_2 (UpSampling2 (None, 32, 32, 256)       0         
_________________________________________________________________
conv2d_2 (Conv2D)            (None, 32, 32, 128)       524416    
_________________________________________________________________
batch_normalization_2 (Batch (None, 32, 32, 128)       512       
_________________________________________________________________
activation_2 (Activation)    (None, 32, 32, 128)       0         
_________________________________________________________________
up_sampling2d_3 (UpSampling2 (None, 64, 64, 128)       0         
_________________________________________________________________
conv2d_3 (Conv2D)            (None, 64, 64, 64)        131136    
_________________________________________________________________
batch_normalization_3 (Batch (None, 64, 64, 64)        256       
_________________________________________________________________
activation_3 (Activation)    (None, 64, 64, 64)        0         
_________________________________________________________________
conv2d_4 (Conv2D)            (None, 64, 64, 64)        65600     
_________________________________________________________________
batch_normalization_4 (Batch (None, 64, 64, 64)        256       
_________________________________________________________________
activation_4 (Activation)    (None, 64, 64, 64)        0         
_________________________________________________________________
up_sampling2d_4 (UpSampling2 (None, 128, 128, 64)      0         
_________________________________________________________________
conv2d_5 (Conv2D)            (None, 128, 128, 32)      32800     
_________________________________________________________________
batch_normalization_5 (Batch (None, 128, 128, 32)      128       
_________________________________________________________________
activation_5 (Activation)    (None, 128, 128, 32)      0         
_________________________________________________________________
conv2d_6 (Conv2D)            (None, 128, 128, 1)       513       
_________________________________________________________________
activation_6 (Activation)    (None, 128, 128, 1)       0         
=================================================================
Total params: 6,737,057
Trainable params: 6,735,969
Non-trainable params: 1,088
_________________________________________________________________
Model: "discriminator"
_________________________________________________________________
Layer (type)                 Output Shape              Param #   
=================================================================
conv2d_7 (Conv2D)            (None, 64, 64, 32)        320       
_________________________________________________________________
leaky_re_lu_1 (LeakyReLU)    (None, 64, 64, 32)        0         
_________________________________________________________________
dropout_1 (Dropout)          (None, 64, 64, 32)        0         
_________________________________________________________________
conv2d_8 (Conv2D)            (None, 32, 32, 64)        18496     
_________________________________________________________________
batch_normalization_6 (Batch (None, 32, 32, 64)        256       
_________________________________________________________________
leaky_re_lu_2 (LeakyReLU)    (None, 32, 32, 64)        0         
_________________________________________________________________
dropout_2 (Dropout)          (None, 32, 32, 64)        0         
_________________________________________________________________
conv2d_9 (Conv2D)            (None, 16, 16, 128)       73856     
_________________________________________________________________
batch_normalization_7 (Batch (None, 16, 16, 128)       512       
_________________________________________________________________
leaky_re_lu_3 (LeakyReLU)    (None, 16, 16, 128)       0         
_________________________________________________________________
dropout_3 (Dropout)          (None, 16, 16, 128)       0         
_________________________________________________________________
conv2d_10 (Conv2D)           (None, 8, 8, 128)         147584    
_________________________________________________________________
batch_normalization_8 (Batch (None, 8, 8, 128)         512       
_________________________________________________________________
leaky_re_lu_4 (LeakyReLU)    (None, 8, 8, 128)         0         
_________________________________________________________________
dropout_4 (Dropout)          (None, 8, 8, 128)         0         
_________________________________________________________________
conv2d_11 (Conv2D)           (None, 8, 8, 256)         295168    
_________________________________________________________________
batch_normalization_9 (Batch (None, 8, 8, 256)         1024      
_________________________________________________________________
leaky_re_lu_5 (LeakyReLU)    (None, 8, 8, 256)         0         
_________________________________________________________________
dropout_5 (Dropout)          (None, 8, 8, 256)         0         
_________________________________________________________________
conv2d_12 (Conv2D)           (None, 8, 8, 512)         1180160   
_________________________________________________________________
batch_normalization_10 (Batc (None, 8, 8, 512)         2048      
_________________________________________________________________
leaky_re_lu_6 (LeakyReLU)    (None, 8, 8, 512)         0         
_________________________________________________________________
dropout_6 (Dropout)          (None, 8, 8, 512)         0         
_________________________________________________________________
flatten_1 (Flatten)          (None, 32768)             0         
_________________________________________________________________
dense_2 (Dense)              (None, 1)                 32769     
=================================================================
Total params: 1,752,705
Trainable params: 1,750,529
Non-trainable params: 2,176
_________________________________________________________________
0 [D: 55.444321] [G: 0.851132]
500 [D: -1.022189] [G: 3.296504]
1000 [D: -1.660708] [G: 1.167491]
1500 [D: -1.665733] [G: 5.722999]
2000 [D: -1.193791] [G: 6.414682]
2500 [D: -0.031585] [G: 1.107726]
3000 [D: -2.928147] [G: 2.133899]
3500 [D: -1.134632] [G: 3.435606]
4000 [D: -1.008613] [G: 0.607632]
4500 [D: -1.466794] [G: 5.411600]
5000 [D: -1.295332] [G: 2.313103]
5500 [D: -2.188130] [G: 1.588371]
6000 [D: 0.179321] [G: -0.982177]
6500 [D: -4.764520] [G: 2.267786]
7000 [D: -2.366630] [G: -3.054002]
7500 [D: -3.338789] [G: -2.021022]
8000 [D: -1.752828] [G: -4.800712]
8500 [D: -0.285640] [G: -2.402071]
9000 [D: -1.235545] [G: 0.440449]
9500 [D: -1.490947] [G: -0.203462]
10000 [D: -0.437340] [G: -0.346868]
